2025-08-20 22:11:03,963 [INFO] Lade Chunk 1/2: ['SPY', 'IEFA', 'IEMG']
2025-08-20 22:11:06,790 [ERROR] 
1 Failed download:
2025-08-20 22:11:06,796 [ERROR] ['SPY']: YFRateLimitError('Too Many Requests. Rate limited. Try after a while.')
2025-08-20 22:11:08,022 [ERROR] 
1 Failed download:
2025-08-20 22:11:08,027 [ERROR] ['IEFA']: YFRateLimitError('Too Many Requests. Rate limited. Try after a while.')
2025-08-20 22:11:09,106 [ERROR] 
1 Failed download:
2025-08-20 22:11:09,106 [ERROR] ['IEMG']: YFRateLimitError('Too Many Requests. Rate limited. Try after a while.')
2025-08-20 22:11:09,114 [ERROR] Fehler bei Chunk 1 (['SPY', 'IEFA', 'IEMG']): Kein Asset erfolgreich geladen (RateLimit oder leere Daten).
2025-08-20 22:11:09,114 [INFO] Pause 60s...
2025-08-20 22:12:09,127 [INFO] Lade Chunk 2/2: ['IAU', 'BTC-USD', 'ETH-USD']
2025-08-20 22:12:10,934 [ERROR] 
1 Failed download:
2025-08-20 22:12:10,934 [ERROR] ['IAU']: YFRateLimitError('Too Many Requests. Rate limited. Try after a while.')
2025-08-20 22:12:11,900 [ERROR] 
1 Failed download:
2025-08-20 22:12:11,900 [ERROR] ['BTC-USD']: YFRateLimitError('Too Many Requests. Rate limited. Try after a while.')
2025-08-20 22:12:12,948 [ERROR] 
1 Failed download:
2025-08-20 22:12:12,948 [ERROR] ['ETH-USD']: YFRateLimitError('Too Many Requests. Rate limited. Try after a while.')
2025-08-20 22:12:12,953 [ERROR] Fehler bei Chunk 2 (['IAU', 'BTC-USD', 'ETH-USD']): Kein Asset erfolgreich geladen (RateLimit oder leere Daten).
2025-08-21 06:31:41,376 [INFO] Lade Chunk 1/6: ['SPY']
2025-08-21 06:31:43,652 [ERROR] 
1 Failed download:
2025-08-21 06:31:43,652 [ERROR] ['SPY']: YFRateLimitError('Too Many Requests. Rate limited. Try after a while.')
2025-08-21 06:31:43,657 [ERROR] Fehler bei Chunk 1 (['SPY']): Kein Asset erfolgreich geladen (RateLimit oder leere Daten).
2025-08-21 06:31:43,668 [INFO] Pause 60s...
2025-08-21 06:32:43,682 [INFO] Lade Chunk 2/6: ['IEFA']
2025-08-21 06:32:46,217 [ERROR] 
1 Failed download:
2025-08-21 06:32:46,217 [ERROR] ['IEFA']: YFRateLimitError('Too Many Requests. Rate limited. Try after a while.')
2025-08-21 06:32:46,217 [ERROR] Fehler bei Chunk 2 (['IEFA']): Kein Asset erfolgreich geladen (RateLimit oder leere Daten).
2025-08-21 06:32:46,217 [INFO] Pause 60s...
2025-08-21 06:33:46,231 [INFO] Lade Chunk 3/6: ['IEMG']
2025-08-21 06:33:47,246 [ERROR] 
1 Failed download:
2025-08-21 06:33:47,246 [ERROR] ['IEMG']: YFRateLimitError('Too Many Requests. Rate limited. Try after a while.')
2025-08-21 06:33:47,246 [ERROR] Fehler bei Chunk 3 (['IEMG']): Kein Asset erfolgreich geladen (RateLimit oder leere Daten).
2025-08-21 06:33:47,246 [INFO] Pause 60s...
2025-08-21 06:34:47,260 [INFO] Lade Chunk 4/6: ['IAU']
2025-08-21 06:34:48,445 [ERROR] 
1 Failed download:
2025-08-21 06:34:48,445 [ERROR] ['IAU']: YFRateLimitError('Too Many Requests. Rate limited. Try after a while.')
2025-08-21 06:34:48,449 [ERROR] Fehler bei Chunk 4 (['IAU']): Kein Asset erfolgreich geladen (RateLimit oder leere Daten).
2025-08-21 06:34:48,449 [INFO] Pause 60s...
2025-08-21 06:35:48,463 [INFO] Lade Chunk 5/6: ['BTC-USD']
2025-08-21 06:35:50,917 [ERROR] 
1 Failed download:
2025-08-21 06:35:50,917 [ERROR] ['BTC-USD']: YFRateLimitError('Too Many Requests. Rate limited. Try after a while.')
2025-08-21 06:35:50,917 [ERROR] Fehler bei Chunk 5 (['BTC-USD']): Kein Asset erfolgreich geladen (RateLimit oder leere Daten).
2025-08-21 06:35:50,917 [INFO] Pause 60s...
2025-08-21 06:36:50,917 [INFO] Lade Chunk 6/6: ['ETH-USD']
2025-08-21 06:36:54,416 [ERROR] 
1 Failed download:
2025-08-21 06:36:54,416 [ERROR] ['ETH-USD']: YFRateLimitError('Too Many Requests. Rate limited. Try after a while.')
2025-08-21 06:36:54,416 [ERROR] Fehler bei Chunk 6 (['ETH-USD']): Kein Asset erfolgreich geladen (RateLimit oder leere Daten).
2025-08-21 08:58:07,854 [INFO] Lade Chunk 1/6: ['SPY']
2025-08-21 08:58:10,627 [ERROR] 
1 Failed download:
2025-08-21 08:58:10,627 [ERROR] ['SPY']: YFRateLimitError('Too Many Requests. Rate limited. Try after a while.')
2025-08-21 08:58:10,642 [ERROR] Fehler bei Chunk 1 (['SPY']): Kein Asset erfolgreich geladen (RateLimit oder leere Daten).
2025-08-21 08:58:10,642 [INFO] Pause 60s...
2025-08-21 08:59:10,656 [INFO] Lade Chunk 2/6: ['IEFA']
2025-08-21 08:59:13,900 [ERROR] 
1 Failed download:
2025-08-21 08:59:13,901 [ERROR] ['IEFA']: YFRateLimitError('Too Many Requests. Rate limited. Try after a while.')
2025-08-21 08:59:13,909 [ERROR] Fehler bei Chunk 2 (['IEFA']): Kein Asset erfolgreich geladen (RateLimit oder leere Daten).
2025-08-21 08:59:13,910 [INFO] Pause 60s...
2025-08-21 09:00:13,915 [INFO] Lade Chunk 3/6: ['IEMG']
2025-08-21 09:00:17,245 [ERROR] 
1 Failed download:
2025-08-21 09:00:17,246 [ERROR] ['IEMG']: YFRateLimitError('Too Many Requests. Rate limited. Try after a while.')
2025-08-21 09:00:17,247 [ERROR] Fehler bei Chunk 3 (['IEMG']): Kein Asset erfolgreich geladen (RateLimit oder leere Daten).
2025-08-21 09:00:17,247 [INFO] Pause 60s...
2025-08-21 09:01:17,261 [INFO] Lade Chunk 4/6: ['IAU']
2025-08-21 09:01:18,929 [ERROR] 
1 Failed download:
2025-08-21 09:01:18,929 [ERROR] ['IAU']: YFRateLimitError('Too Many Requests. Rate limited. Try after a while.')
2025-08-21 09:01:18,929 [ERROR] Fehler bei Chunk 4 (['IAU']): Kein Asset erfolgreich geladen (RateLimit oder leere Daten).
2025-08-21 09:01:18,929 [INFO] Pause 60s...
2025-08-21 09:02:18,944 [INFO] Lade Chunk 5/6: ['BTC-USD']
2025-08-21 09:02:20,789 [ERROR] 
1 Failed download:
2025-08-21 09:02:20,791 [ERROR] ['BTC-USD']: YFRateLimitError('Too Many Requests. Rate limited. Try after a while.')
2025-08-21 09:02:20,811 [ERROR] Fehler bei Chunk 5 (['BTC-USD']): Kein Asset erfolgreich geladen (RateLimit oder leere Daten).
2025-08-21 09:02:20,811 [INFO] Pause 60s...
2025-08-21 09:03:20,820 [INFO] Lade Chunk 6/6: ['ETH-USD']
2025-08-21 09:03:26,939 [ERROR] 
1 Failed download:
2025-08-21 09:03:26,942 [ERROR] ['ETH-USD']: YFRateLimitError('Too Many Requests. Rate limited. Try after a while.')
2025-08-21 09:03:26,959 [ERROR] Fehler bei Chunk 6 (['ETH-USD']): Kein Asset erfolgreich geladen (RateLimit oder leere Daten).
